#
# A fatal error has been detected by the Java Runtime Environment:
#
#  SIGBUS (0xa) at pc=0x000000010c671833, pid=1934, tid=123145313517568
#
# JRE version: 7.0_05-b06
# Java VM: Java HotSpot(TM) 64-Bit Server VM (23.1-b03 mixed mode bsd-amd64 compressed oops)
# Problematic frame:
# J  java.util.zip.ZipCoder.getBytes(Ljava/lang/String;)[B
#
# Failed to write core dump. Core dumps have been disabled. To enable core dumping, try "ulimit -c unlimited" before starting Java again
#
# If you would like to submit a bug report, please visit:
#   http://bugreport.sun.com/bugreport/crash.jsp
#

---------------  T H R E A D  ---------------

Current thread (0x00007fb658803800):  JavaThread "main" [_thread_in_Java, id=11206656, stack(0x00007000009b0000,0x0000700000ab0000)]

siginfo:si_signo=SIGBUS: si_errno=0, si_code=2 (BUS_ADRERR), si_addr=0x000000010f60f008

Registers:
RAX=0x000000010a92d5e0, RBX=0x0000700000aae570, RCX=0x0000002a330f2201, RDX=0x000000061287dc48
RSP=0x0000700000aae4f0, RBP=0x00007fb65754d4e0, RSI=0x000000061287e220, RDI=0x00007fb658803800
R8 =0x0000000040000000, R9 =0x0000000000000061, R10=0x00000000a064de44, R11=0x0000000000000000
R12=0x000000010f60f000, R13=0x000000061287e220, R14=0x0000000000000000, R15=0x00007fb658803800
RIP=0x000000010c671833, EFLAGS=0x0000000000010206, ERR=0x0000000000000004
  TRAPNO=0x000000000000000e

Top of Stack: (sp=0x0000700000aae4f0)
0x0000700000aae4f0:   00007fb658803800 0000700000aae570
0x0000700000aae500:   0000700000aae608 00007fb658803800
0x0000700000aae510:   0000700000aae5e8 000000010c656448
0x0000700000aae520:   00007fb65754d4e0 000000010c67f014
0x0000700000aae530:   000000061287e078 000000010c5fd333
0x0000700000aae540:   000000061287e078 00000006111ad4c0
0x0000700000aae550:   000000061287dc48 000000010f7e8445
0x0000700000aae560:   0000700000aae5a0 000000010f7e9338
0x0000700000aae570:   0000002a330f2201 000000010f7e8458
0x0000700000aae580:   0000700000aae5e8 000000010c5fd333
0x0000700000aae590:   000000010c5fd333 000000061287dc48
0x0000700000aae5a0:   000000061287e078 0000700000aae5a8
0x0000700000aae5b0:   000000010f966a32 0000700000aae608
0x0000700000aae5c0:   000000010f967888 0000000000000000
0x0000700000aae5d0:   000000010f966a88 0000700000aae598
0x0000700000aae5e0:   0000700000aae600 0000700000aae658
0x0000700000aae5f0:   000000010c5fd333 0000000000000000
0x0000700000aae600:   000000061287dc48 000000061287e078
0x0000700000aae610:   000000061287db50 0000700000aae618
0x0000700000aae620:   000000010f960c16 0000700000aae670
0x0000700000aae630:   000000010f9638b0 0000000000000000
0x0000700000aae640:   000000010f960c88 0000700000aae600
0x0000700000aae650:   0000700000aae670 0000700000aae6b8
0x0000700000aae660:   000000010c5fd158 0000000000000000
0x0000700000aae670:   000000061287db50 0000700000aae678
0x0000700000aae680:   000000010f960d59 0000700000aae6d0
0x0000700000aae690:   000000010f9638b0 0000000000000000
0x0000700000aae6a0:   000000010f960dd0 0000700000aae670
0x0000700000aae6b0:   0000700000aae6d0 0000700000aae718
0x0000700000aae6c0:   000000010c5fd333 0000000000000000
0x0000700000aae6d0:   000000061287db50 0000700000aae6d8
0x0000700000aae6e0:   000000010f7e8684 0000700000aae728 

Instructions: (pc=0x000000010c671833)
0x000000010c671813:   ff 0f 1f 84 00 00 00 00 00 66 66 66 90 89 84 24
0x000000010c671823:   00 c0 fe ff 55 48 83 ec 30 4c 8b ee 44 8b 76 18
0x000000010c671833:   47 8b 54 f4 08 43 c7 44 f4 14 00 00 00 00 8b 5a
0x000000010c671843:   14 4f 8d 04 f4 81 fb 00 00 08 00 0f 87 f2 02 00 

Register to memory mapping:

RAX=0x000000010a92d5e0: _ZN20SafepointSynchronize6_stateE+0 in /Library/Java/JavaVirtualMachines/1.7.0.jdk/Contents/Home/jre/lib/server/libjvm.dylib at 0x000000010a200000
RBX=0x0000700000aae570 is pointing into the stack for thread: 0x00007fb658803800
RCX=0x0000002a330f2201 is an unknown value
RDX=0x000000061287dc48 is an oop
java.lang.String 
 - klass: 'java/lang/String'
RSP=0x0000700000aae4f0 is pointing into the stack for thread: 0x00007fb658803800
RBP=0x00007fb65754d4e0 is an unknown value
RSI=0x000000061287e220 is an oop
java.util.zip.ZipCoder 
 - klass: 'java/util/zip/ZipCoder'
RDI=0x00007fb658803800 is a thread
R8 =0x0000000040000000 is an unknown value
R9 =0x0000000000000061 is an unknown value
R10=0x00000000a064de44 is an unknown value
R11=0x0000000000000000 is an unknown value
R12=0x000000010f60f000 is an unknown value
R13=0x000000061287e220 is an oop
java.util.zip.ZipCoder 
 - klass: 'java/util/zip/ZipCoder'
R14=0x0000000000000000 is an unknown value
R15=0x00007fb658803800 is a thread


Stack: [0x00007000009b0000,0x0000700000ab0000],  sp=0x0000700000aae4f0,  free space=1017k
Native frames: (J=compiled Java code, j=interpreted, Vv=VM code, C=native code)
J  java.util.zip.ZipCoder.getBytes(Ljava/lang/String;)[B
C  0x0000000000000002


---------------  P R O C E S S  ---------------

Java Threads: ( => current thread )
  0x00007fb65780f800 JavaThread "Service Thread" daemon [_thread_blocked, id=22876160, stack(0x00007000014d1000,0x00007000015d1000)]
  0x00007fb658824000 JavaThread "C2 CompilerThread1" daemon [_thread_in_native, id=21815296, stack(0x00007000013ce000,0x00007000014ce000)]
  0x00007fb65881a000 JavaThread "C2 CompilerThread0" daemon [_thread_in_native, id=20754432, stack(0x00007000012cb000,0x00007000013cb000)]
  0x00007fb65780e800 JavaThread "Signal Dispatcher" daemon [_thread_blocked, id=19693568, stack(0x00007000011c8000,0x00007000012c8000)]
  0x00007fb659026000 JavaThread "Finalizer" daemon [_thread_blocked, id=18632704, stack(0x00007000010c5000,0x00007000011c5000)]
  0x00007fb658816800 JavaThread "Reference Handler" daemon [_thread_blocked, id=17571840, stack(0x0000700000fc2000,0x00007000010c2000)]
=>0x00007fb658803800 JavaThread "main" [_thread_in_Java, id=11206656, stack(0x00007000009b0000,0x0000700000ab0000)]

Other Threads:
  0x00007fb658001000 VMThread [stack: 0x0000700000ebf000,0x0000700000fbf000] [id=16510976]
  0x00007fb659027000 WatcherThread [stack: 0x00007000015d4000,0x00007000016d4000] [id=23937024]

VM state:not at safepoint (normal execution)

VM Mutex/Monitor currently owned by a thread: None

Heap
 PSYoungGen      total 611648K, used 31457K [0x0000000611170000, 0x000000063bc10000, 0x000000088f610000)
  eden space 524288K, 6% used [0x0000000611170000,0x0000000613028720,0x0000000631170000)
  from space 87360K, 0% used [0x00000006366c0000,0x00000006366c0000,0x000000063bc10000)
  to   space 87360K, 0% used [0x0000000631170000,0x0000000631170000,0x00000006366c0000)
 ParOldGen       total 1398144K, used 0K [0x0000000114810000, 0x0000000169d70000, 0x0000000611170000)
  object space 1398144K, 0% used [0x0000000114810000,0x0000000114810000,0x0000000169d70000)
 PSPermGen       total 21248K, used 7465K [0x000000010f610000, 0x0000000110ad0000, 0x0000000114810000)
  object space 21248K, 35% used [0x000000010f610000,0x000000010fd5a480,0x0000000110ad0000)

Code Cache  [0x000000010c5f7000, 0x000000010c867000, 0x000000010f5f7000)
 total_blobs=294 nmethods=55 adapters=192 free_code_cache=48604Kb largest_free_block=49741120

Compilation events (10 events):
Event: 0.878 Thread 0x00007fb658824000   51             java.lang.String::substring (83 bytes)
Event: 0.881 Thread 0x00007fb658824000 nmethod 51 0x000000010c67d110 code [0x000000010c67d260, 0x000000010c67d3d8]
Event: 0.934 Thread 0x00007fb65881a000   52             java.util.HashMap::hash (23 bytes)
Event: 0.934 Thread 0x00007fb65881a000 nmethod 52 0x000000010c67cf10 code [0x000000010c67d040, 0x000000010c67d098]
Event: 0.934 Thread 0x00007fb658824000   53             java.util.HashMap::indexFor (6 bytes)
Event: 0.934 Thread 0x00007fb658824000 nmethod 53 0x000000010c65e050 code [0x000000010c65e180, 0x000000010c65e1b8]
Event: 0.935 Thread 0x00007fb65881a000   54             java.io.DataOutputStream::writeUTF (435 bytes)
Event: 0.957 Thread 0x00007fb65881a000 nmethod 54 0x000000010c67da90 code [0x000000010c67dc20, 0x000000010c67e8a8]
Event: 0.968 Thread 0x00007fb658824000   55   !         java.io.BufferedReader::readLine (304 bytes)
Event: 0.969 Thread 0x00007fb65881a000   56             sun.nio.cs.UTF_8$Decoder::decodeArrayLoop (543 bytes)

GC Heap History (0 events):
No events

Deoptimization events (0 events):
No events

Internal exceptions (10 events):
Event: 0.968 Thread 0x00007fb658803800 Threw 0x0000000612834f58 at /HUDSON/workspace/jdk7u5-2-build-macosx-amd64-product/jdk7u5/hotspot/src/share/vm/prims/jvm.cpp:1166
Event: 0.973 Thread 0x00007fb658803800 Threw 0x0000000612855d60 at /HUDSON/workspace/jdk7u5-2-build-macosx-amd64-product/jdk7u5/hotspot/src/share/vm/prims/jvm.cpp:1166
Event: 0.973 Thread 0x00007fb658803800 Threw 0x0000000612856460 at /HUDSON/workspace/jdk7u5-2-build-macosx-amd64-product/jdk7u5/hotspot/src/share/vm/prims/jvm.cpp:1166
Event: 0.973 Thread 0x00007fb658803800 Threw 0x000000061285fb18 at /HUDSON/workspace/jdk7u5-2-build-macosx-amd64-product/jdk7u5/hotspot/src/share/vm/prims/jvm.cpp:1166
Event: 0.974 Thread 0x00007fb658803800 Threw 0x0000000612860b38 at /HUDSON/workspace/jdk7u5-2-build-macosx-amd64-product/jdk7u5/hotspot/src/share/vm/prims/jvm.cpp:1166
Event: 0.974 Thread 0x00007fb658803800 Threw 0x0000000612861188 at /HUDSON/workspace/jdk7u5-2-build-macosx-amd64-product/jdk7u5/hotspot/src/share/vm/prims/jvm.cpp:1166
Event: 0.975 Thread 0x00007fb658803800 Threw 0x000000061286b740 at /HUDSON/workspace/jdk7u5-2-build-macosx-amd64-product/jdk7u5/hotspot/src/share/vm/prims/jvm.cpp:1166
Event: 0.975 Thread 0x00007fb658803800 Threw 0x000000061286bdc0 at /HUDSON/workspace/jdk7u5-2-build-macosx-amd64-product/jdk7u5/hotspot/src/share/vm/prims/jvm.cpp:1166
Event: 0.976 Thread 0x00007fb658803800 Threw 0x00000006128726c8 at /HUDSON/workspace/jdk7u5-2-build-macosx-amd64-product/jdk7u5/hotspot/src/share/vm/prims/jvm.cpp:1166
Event: 0.976 Thread 0x00007fb658803800 Threw 0x0000000612872d78 at /HUDSON/workspace/jdk7u5-2-build-macosx-amd64-product/jdk7u5/hotspot/src/share/vm/prims/jvm.cpp:1166

Events (10 events):
Event: 0.967 loading class 0x00007fb657570b70
Event: 0.967 loading class 0x00007fb657570b70 done
Event: 0.973 loading class 0x00007fb657744300
Event: 0.973 loading class 0x00007fb657744300 done
Event: 0.974 loading class 0x00007fb657455780
Event: 0.974 loading class 0x00007fb657455780 done
Event: 0.975 loading class 0x00007fb657745390
Event: 0.975 loading class 0x00007fb657745390 done
Event: 0.976 loading class 0x00007fb657745220
Event: 0.976 loading class 0x00007fb657745220 done


Dynamic libraries:
0x000000001c25b000 	/System/Library/Frameworks/Cocoa.framework/Versions/A/Cocoa
0x000000001c25b000 	/System/Library/Frameworks/Security.framework/Versions/A/Security
0x000000001c25b000 	/System/Library/Frameworks/ApplicationServices.framework/Versions/A/ApplicationServices
0x000000001c25b000 	/usr/lib/libz.1.dylib
0x000000001c25b000 	/usr/lib/libSystem.B.dylib
0x000000001c25b000 	/usr/lib/libobjc.A.dylib
0x000000001c25b000 	/System/Library/Frameworks/CoreFoundation.framework/Versions/A/CoreFoundation
0x000000001c25b000 	/System/Library/Frameworks/AppKit.framework/Versions/C/AppKit
0x000000001c25b000 	/System/Library/Frameworks/CoreData.framework/Versions/A/CoreData
0x000000001c25b000 	/System/Library/Frameworks/Foundation.framework/Versions/C/Foundation
0x000000001c25b000 	/System/Library/PrivateFrameworks/RemoteViewServices.framework/Versions/A/RemoteViewServices
0x000000001c25b000 	/System/Library/PrivateFrameworks/UIFoundation.framework/Versions/A/UIFoundation
0x000000001c25b000 	/System/Library/PrivateFrameworks/DFRFoundation.framework/Versions/A/DFRFoundation
0x000000001c25b000 	/System/Library/Frameworks/Metal.framework/Versions/A/Metal
0x000000001c25b000 	/System/Library/PrivateFrameworks/DesktopServicesPriv.framework/Versions/A/DesktopServicesPriv
0x000000001c25b000 	/usr/lib/libenergytrace.dylib
0x000000001c25b000 	/System/Library/PrivateFrameworks/SkyLight.framework/Versions/A/SkyLight
0x000000001c25b000 	/System/Library/Frameworks/CoreGraphics.framework/Versions/A/CoreGraphics
0x000000001c25b000 	/usr/lib/libScreenReader.dylib
0x000000001c25b000 	/System/Library/Frameworks/Accelerate.framework/Versions/A/Accelerate
0x000000001c25b000 	/System/Library/Frameworks/IOSurface.framework/Versions/A/IOSurface
0x000000001c25b000 	/System/Library/Frameworks/AudioToolbox.framework/Versions/A/AudioToolbox
0x000000001c25b000 	/System/Library/Frameworks/AudioUnit.framework/Versions/A/AudioUnit
0x000000001c25b000 	/System/Library/PrivateFrameworks/DataDetectorsCore.framework/Versions/A/DataDetectorsCore
0x000000001c25b000 	/System/Library/Frameworks/Carbon.framework/Versions/A/Frameworks/HIToolbox.framework/Versions/A/HIToolbox
0x000000001c25b000 	/usr/lib/libicucore.A.dylib
0x000000001c25b000 	/System/Library/Frameworks/QuartzCore.framework/Versions/A/QuartzCore
0x000000001c25b000 	/System/Library/Frameworks/Carbon.framework/Versions/A/Frameworks/SpeechRecognition.framework/Versions/A/SpeechRecognition
0x000000001c25b000 	/usr/lib/libauto.dylib
0x000000001c25b000 	/usr/lib/libxml2.2.dylib
0x000000001c25b000 	/System/Library/PrivateFrameworks/CoreUI.framework/Versions/A/CoreUI
0x000000001c25b000 	/System/Library/Frameworks/CoreAudio.framework/Versions/A/CoreAudio
0x000000001c25b000 	/System/Library/Frameworks/DiskArbitration.framework/Versions/A/DiskArbitration
0x000000001c25b000 	/usr/lib/liblangid.dylib
0x000000001c25b000 	/System/Library/PrivateFrameworks/MultitouchSupport.framework/Versions/A/MultitouchSupport
0x000000001c25b000 	/System/Library/Frameworks/IOKit.framework/Versions/A/IOKit
0x000000001c25b000 	/usr/lib/libDiagnosticMessagesClient.dylib
0x000000001c25b000 	/System/Library/Frameworks/CoreServices.framework/Versions/A/CoreServices
0x000000001c25b000 	/System/Library/PrivateFrameworks/PerformanceAnalysis.framework/Versions/A/PerformanceAnalysis
0x000000001c25b000 	/System/Library/Frameworks/OpenGL.framework/Versions/A/OpenGL
0x000000001c25b000 	/System/Library/Frameworks/ColorSync.framework/Versions/A/ColorSync
0x000000001c25b000 	/System/Library/Frameworks/CoreImage.framework/Versions/A/CoreImage
0x000000001c25b000 	/System/Library/Frameworks/CoreText.framework/Versions/A/CoreText
0x000000001c25b000 	/System/Library/Frameworks/ImageIO.framework/Versions/A/ImageIO
0x000000001c25b000 	/System/Library/PrivateFrameworks/Backup.framework/Versions/A/Backup
0x000000001c25b000 	/usr/lib/libarchive.2.dylib
0x000000001c25b000 	/System/Library/Frameworks/CFNetwork.framework/Versions/A/CFNetwork
0x000000001c25b000 	/System/Library/Frameworks/SystemConfiguration.framework/Versions/A/SystemConfiguration
0x000000001c25b000 	/usr/lib/libCRFSuite.dylib
0x000000001c25b000 	/usr/lib/libc++.1.dylib
0x000000001c25b000 	/usr/lib/libc++abi.dylib
0x000000001c25b000 	/usr/lib/system/libcache.dylib
0x000000001c25b000 	/usr/lib/system/libcommonCrypto.dylib
0x000000001c25b000 	/usr/lib/system/libcompiler_rt.dylib
0x000000001c25b000 	/usr/lib/system/libcopyfile.dylib
0x000000001c25b000 	/usr/lib/system/libcorecrypto.dylib
0x000000001c25b000 	/usr/lib/system/libdispatch.dylib
0x000000001c25b000 	/usr/lib/system/libdyld.dylib
0x000000001c25b000 	/usr/lib/system/libkeymgr.dylib
0x000000001c25b000 	/usr/lib/system/liblaunch.dylib
0x000000001c25b000 	/usr/lib/system/libmacho.dylib
0x000000001c25b000 	/usr/lib/system/libquarantine.dylib
0x000000001c25b000 	/usr/lib/system/libremovefile.dylib
0x000000001c25b000 	/usr/lib/system/libsystem_asl.dylib
0x000000001c25b000 	/usr/lib/system/libsystem_blocks.dylib
0x000000001c25b000 	/usr/lib/system/libsystem_c.dylib
0x000000001c25b000 	/usr/lib/system/libsystem_configuration.dylib
0x000000001c25b000 	/usr/lib/system/libsystem_coreservices.dylib
0x000000001c25b000 	/usr/lib/system/libsystem_darwin.dylib
0x000000001c25b000 	/usr/lib/system/libsystem_dnssd.dylib
0x000000001c25b000 	/usr/lib/system/libsystem_info.dylib
0x000000001c25b000 	/usr/lib/system/libsystem_m.dylib
0x000000001c25b000 	/usr/lib/system/libsystem_malloc.dylib
0x000000001c25b000 	/usr/lib/system/libsystem_network.dylib
0x000000001c25b000 	/usr/lib/system/libsystem_networkextension.dylib
0x000000001c25b000 	/usr/lib/system/libsystem_notify.dylib
0x000000001c25b000 	/usr/lib/system/libsystem_sandbox.dylib
0x000000001c25b000 	/usr/lib/system/libsystem_secinit.dylib
0x000000001c25b000 	/usr/lib/system/libsystem_kernel.dylib
0x000000001c25b000 	/usr/lib/system/libsystem_platform.dylib
0x000000001c25b000 	/usr/lib/system/libsystem_pthread.dylib
0x000000001c25b000 	/usr/lib/system/libsystem_symptoms.dylib
0x000000001c25b000 	/usr/lib/system/libsystem_trace.dylib
0x000000001c25b000 	/usr/lib/system/libunwind.dylib
0x000000001c25b000 	/usr/lib/system/libxpc.dylib
0x000000001c25b000 	/usr/lib/closure/libclosured.dylib
0x000000001c25b000 	/usr/lib/libbsm.0.dylib
0x000000001c25b000 	/usr/lib/system/libkxld.dylib
0x000000001c25b000 	/usr/lib/libOpenScriptingUtil.dylib
0x000000001c25b000 	/usr/lib/libcoretls.dylib
0x000000001c25b000 	/usr/lib/libcoretls_cfhelpers.dylib
0x000000001c25b000 	/usr/lib/libpam.2.dylib
0x000000001c25b000 	/usr/lib/libsqlite3.dylib
0x000000001c25b000 	/usr/lib/libxar.1.dylib
0x000000001c25b000 	/usr/lib/libbz2.1.0.dylib
0x000000001c25b000 	/usr/lib/liblzma.5.dylib
0x000000001c25b000 	/usr/lib/libnetwork.dylib
0x000000001c25b000 	/usr/lib/libapple_nghttp2.dylib
0x000000001c25b000 	/usr/lib/libpcap.A.dylib
0x000000001c25b000 	/usr/lib/libboringssl.dylib
0x000000001c25b000 	/usr/lib/libusrtcp.dylib
0x000000001c25b000 	/usr/lib/libapple_crypto.dylib
0x000000001c25b000 	/System/Library/Frameworks/CoreServices.framework/Versions/A/Frameworks/FSEvents.framework/Versions/A/FSEvents
0x000000001c25b000 	/System/Library/Frameworks/CoreServices.framework/Versions/A/Frameworks/CarbonCore.framework/Versions/A/CarbonCore
0x000000001c25b000 	/System/Library/Frameworks/CoreServices.framework/Versions/A/Frameworks/Metadata.framework/Versions/A/Metadata
0x000000001c25b000 	/System/Library/Frameworks/CoreServices.framework/Versions/A/Frameworks/OSServices.framework/Versions/A/OSServices
0x000000001c25b000 	/System/Library/Frameworks/CoreServices.framework/Versions/A/Frameworks/SearchKit.framework/Versions/A/SearchKit
0x000000001c25b000 	/System/Library/Frameworks/CoreServices.framework/Versions/A/Frameworks/AE.framework/Versions/A/AE
0x000000001c25b000 	/System/Library/Frameworks/CoreServices.framework/Versions/A/Frameworks/LaunchServices.framework/Versions/A/LaunchServices
0x000000001c25b000 	/System/Library/Frameworks/CoreServices.framework/Versions/A/Frameworks/DictionaryServices.framework/Versions/A/DictionaryServices
0x000000001c25b000 	/System/Library/Frameworks/CoreServices.framework/Versions/A/Frameworks/SharedFileList.framework/Versions/A/SharedFileList
0x000000001c25b000 	/System/Library/Frameworks/NetFS.framework/Versions/A/NetFS
0x000000001c25b000 	/System/Library/PrivateFrameworks/NetAuth.framework/Versions/A/NetAuth
0x000000001c25b000 	/System/Library/PrivateFrameworks/login.framework/Versions/A/Frameworks/loginsupport.framework/Versions/A/loginsupport
0x000000001c25b000 	/System/Library/PrivateFrameworks/TCC.framework/Versions/A/TCC
0x000000001c25b000 	/usr/lib/libmecabra.dylib
0x000000001c25b000 	/System/Library/Frameworks/ApplicationServices.framework/Versions/A/Frameworks/ATS.framework/Versions/A/ATS
0x000000001c25b000 	/System/Library/Frameworks/ApplicationServices.framework/Versions/A/Frameworks/ColorSyncLegacy.framework/Versions/A/ColorSyncLegacy
0x000000001c25b000 	/System/Library/Frameworks/ApplicationServices.framework/Versions/A/Frameworks/HIServices.framework/Versions/A/HIServices
0x000000001c25b000 	/System/Library/Frameworks/ApplicationServices.framework/Versions/A/Frameworks/LangAnalysis.framework/Versions/A/LangAnalysis
0x000000001c25b000 	/System/Library/Frameworks/ApplicationServices.framework/Versions/A/Frameworks/PrintCore.framework/Versions/A/PrintCore
0x000000001c25b000 	/System/Library/Frameworks/ApplicationServices.framework/Versions/A/Frameworks/QD.framework/Versions/A/QD
0x000000001c25b000 	/System/Library/Frameworks/ApplicationServices.framework/Versions/A/Frameworks/SpeechSynthesis.framework/Versions/A/SpeechSynthesis
0x000000001c25b000 	/System/Library/Frameworks/CoreDisplay.framework/Versions/A/CoreDisplay
0x000000001c25b000 	/System/Library/Frameworks/Accelerate.framework/Versions/A/Frameworks/vImage.framework/Versions/A/vImage
0x000000001c25b000 	/System/Library/Frameworks/Accelerate.framework/Versions/A/Frameworks/vecLib.framework/Versions/A/vecLib
0x000000001c25b000 	/System/Library/Frameworks/Accelerate.framework/Versions/A/Frameworks/vecLib.framework/Versions/A/libvDSP.dylib
0x000000001c25b000 	/System/Library/Frameworks/Accelerate.framework/Versions/A/Frameworks/vecLib.framework/Versions/A/libBNNS.dylib
0x000000001c25b000 	/System/Library/Frameworks/Accelerate.framework/Versions/A/Frameworks/vecLib.framework/Versions/A/libQuadrature.dylib
0x000000001c25b000 	/System/Library/Frameworks/Accelerate.framework/Versions/A/Frameworks/vecLib.framework/Versions/A/libvMisc.dylib
0x000000001c25b000 	/System/Library/Frameworks/Accelerate.framework/Versions/A/Frameworks/vecLib.framework/Versions/A/libLAPACK.dylib
0x000000001c25b000 	/System/Library/Frameworks/Accelerate.framework/Versions/A/Frameworks/vecLib.framework/Versions/A/libBLAS.dylib
0x000000001c25b000 	/System/Library/Frameworks/Accelerate.framework/Versions/A/Frameworks/vecLib.framework/Versions/A/libLinearAlgebra.dylib
0x000000001c25b000 	/System/Library/Frameworks/Accelerate.framework/Versions/A/Frameworks/vecLib.framework/Versions/A/libSparse.dylib
0x000000001c25b000 	/System/Library/Frameworks/Accelerate.framework/Versions/A/Frameworks/vecLib.framework/Versions/A/libSparseBLAS.dylib
0x000000001c25b000 	/System/Library/PrivateFrameworks/IOAccelerator.framework/Versions/A/IOAccelerator
0x000000001c25b000 	/System/Library/PrivateFrameworks/IOPresentment.framework/Versions/A/IOPresentment
0x000000001c25b000 	/System/Library/PrivateFrameworks/DSExternalDisplay.framework/Versions/A/DSExternalDisplay
0x000000001c25b000 	/System/Library/Frameworks/OpenGL.framework/Versions/A/Libraries/libCoreFSCache.dylib
0x000000001c25b000 	/System/Library/Frameworks/CoreVideo.framework/Versions/A/CoreVideo
0x000000001c25b000 	/System/Library/PrivateFrameworks/GraphVisualizer.framework/Versions/A/GraphVisualizer
0x000000001c25b000 	/System/Library/Frameworks/MetalPerformanceShaders.framework/Versions/A/MetalPerformanceShaders
0x000000001c25b000 	/usr/lib/libFosl_dynamic.dylib
0x000000001c25b000 	/System/Library/PrivateFrameworks/FaceCore.framework/Versions/A/FaceCore
0x000000001c25b000 	/System/Library/Frameworks/OpenCL.framework/Versions/A/OpenCL
0x000000001c25b000 	/usr/lib/libcompression.dylib
0x000000001c25b000 	/System/Library/Frameworks/ApplicationServices.framework/Versions/A/Frameworks/ATS.framework/Versions/A/Resources/libFontParser.dylib
0x000000001c25b000 	/System/Library/Frameworks/ApplicationServices.framework/Versions/A/Frameworks/ATS.framework/Versions/A/Resources/libFontRegistry.dylib
0x000000001c25b000 	/System/Library/Frameworks/ImageIO.framework/Versions/A/Resources/libJPEG.dylib
0x000000001c25b000 	/System/Library/Frameworks/ImageIO.framework/Versions/A/Resources/libTIFF.dylib
0x000000001c25b000 	/System/Library/Frameworks/ImageIO.framework/Versions/A/Resources/libPng.dylib
0x000000001c25b000 	/System/Library/Frameworks/ImageIO.framework/Versions/A/Resources/libGIF.dylib
0x000000001c25b000 	/System/Library/Frameworks/ImageIO.framework/Versions/A/Resources/libJP2.dylib
0x000000001c25b000 	/System/Library/Frameworks/ImageIO.framework/Versions/A/Resources/libRadiance.dylib
0x000000001c25b000 	/System/Library/PrivateFrameworks/AppleJPEG.framework/Versions/A/AppleJPEG
0x000000001c25b000 	/System/Library/PrivateFrameworks/MetalTools.framework/Versions/A/MetalTools
0x000000001c25b000 	/System/Library/Frameworks/MetalPerformanceShaders.framework/Frameworks/MPSCore.framework/Versions/A/MPSCore
0x000000001c25b000 	/System/Library/Frameworks/MetalPerformanceShaders.framework/Frameworks/MPSImage.framework/Versions/A/MPSImage
0x000000001c25b000 	/System/Library/Frameworks/MetalPerformanceShaders.framework/Frameworks/MPSMatrix.framework/Versions/A/MPSMatrix
0x000000001c25b000 	/System/Library/Frameworks/MetalPerformanceShaders.framework/Frameworks/MPSNeuralNetwork.framework/Versions/A/MPSNeuralNetwork
0x000000001c25b000 	/System/Library/Frameworks/OpenGL.framework/Versions/A/Libraries/libGLU.dylib
0x000000001c25b000 	/System/Library/Frameworks/OpenGL.framework/Versions/A/Libraries/libGFXShared.dylib
0x000000001c25b000 	/System/Library/Frameworks/OpenGL.framework/Versions/A/Libraries/libGL.dylib
0x000000001c25b000 	/System/Library/Frameworks/OpenGL.framework/Versions/A/Libraries/libGLImage.dylib
0x000000001c25b000 	/System/Library/Frameworks/OpenGL.framework/Versions/A/Libraries/libCVMSPluginSupport.dylib
0x000000001c25b000 	/System/Library/Frameworks/OpenGL.framework/Versions/A/Libraries/libCoreVMClient.dylib
0x000000001c25b000 	/usr/lib/libcups.2.dylib
0x000000001c25b000 	/System/Library/Frameworks/Kerberos.framework/Versions/A/Kerberos
0x000000001c25b000 	/System/Library/Frameworks/GSS.framework/Versions/A/GSS
0x000000001c25b000 	/usr/lib/libresolv.9.dylib
0x000000001c25b000 	/usr/lib/libiconv.2.dylib
0x000000001c25b000 	/System/Library/PrivateFrameworks/Heimdal.framework/Versions/A/Heimdal
0x000000001c25b000 	/usr/lib/libheimdal-asn1.dylib
0x000000001c25b000 	/System/Library/Frameworks/OpenDirectory.framework/Versions/A/OpenDirectory
0x000000001c25b000 	/System/Library/PrivateFrameworks/CommonAuth.framework/Versions/A/CommonAuth
0x000000001c25b000 	/System/Library/Frameworks/OpenDirectory.framework/Versions/A/Frameworks/CFOpenDirectory.framework/Versions/A/CFOpenDirectory
0x000000001c25b000 	/System/Library/Frameworks/SecurityFoundation.framework/Versions/A/SecurityFoundation
0x000000001c25b000 	/System/Library/PrivateFrameworks/APFS.framework/Versions/A/APFS
0x000000001c25b000 	/usr/lib/libutil.dylib
0x000000001c25b000 	/System/Library/PrivateFrameworks/AppleSauce.framework/Versions/A/AppleSauce
0x000000001c25b000 	/System/Library/PrivateFrameworks/LinguisticData.framework/Versions/A/LinguisticData
0x000000001c25b000 	/usr/lib/libmarisa.dylib
0x000000001c25b000 	/System/Library/PrivateFrameworks/Lexicon.framework/Versions/A/Lexicon
0x000000001c25b000 	/usr/lib/libChineseTokenizer.dylib
0x000000001c25b000 	/usr/lib/libcmph.dylib
0x000000001c25b000 	/System/Library/PrivateFrameworks/LanguageModeling.framework/Versions/A/LanguageModeling
0x000000001c25b000 	/System/Library/PrivateFrameworks/CoreEmoji.framework/Versions/A/CoreEmoji
0x000000001c25b000 	/System/Library/Frameworks/ServiceManagement.framework/Versions/A/ServiceManagement
0x000000001c25b000 	/System/Library/PrivateFrameworks/BackgroundTaskManagement.framework/Versions/A/BackgroundTaskManagement
0x000000001c25b000 	/usr/lib/libxslt.1.dylib
0x000000001c25b000 	/System/Library/Frameworks/Carbon.framework/Versions/A/Frameworks/Ink.framework/Versions/A/Ink
0x000000001c25b000 	/System/Library/PrivateFrameworks/TextureIO.framework/Versions/A/TextureIO
0x000000001c25b000 	/usr/lib/libate.dylib
0x000000001c25b000 	/System/Library/PrivateFrameworks/CrashReporterSupport.framework/Versions/A/CrashReporterSupport
0x000000001c25b000 	/System/Library/PrivateFrameworks/Sharing.framework/Versions/A/Sharing
0x000000001c25b000 	/System/Library/PrivateFrameworks/IconServices.framework/Versions/A/IconServices
0x000000001c25b000 	/System/Library/PrivateFrameworks/ProtocolBuffer.framework/Versions/A/ProtocolBuffer
0x000000001c25b000 	/System/Library/PrivateFrameworks/Apple80211.framework/Versions/A/Apple80211
0x000000001c25b000 	/System/Library/Frameworks/CoreWLAN.framework/Versions/A/CoreWLAN
0x000000001c25b000 	/System/Library/PrivateFrameworks/CoreUtils.framework/Versions/A/CoreUtils
0x000000001c25b000 	/System/Library/Frameworks/IOBluetooth.framework/Versions/A/IOBluetooth
0x000000001c25b000 	/System/Library/PrivateFrameworks/CoreWiFi.framework/Versions/A/CoreWiFi
0x000000001c25b000 	/System/Library/Frameworks/CoreBluetooth.framework/Versions/A/CoreBluetooth
0x000000001c25b000 	/System/Library/PrivateFrameworks/SignpostNotification.framework/Versions/A/SignpostNotification
0x000000001c25b000 	/System/Library/PrivateFrameworks/DebugSymbols.framework/Versions/A/DebugSymbols
0x000000001c25b000 	/System/Library/PrivateFrameworks/CoreSymbolication.framework/Versions/A/CoreSymbolication
0x000000001c25b000 	/System/Library/PrivateFrameworks/Symbolication.framework/Versions/A/Symbolication
0x000000001c25b000 	/System/Library/PrivateFrameworks/AppleFSCompression.framework/Versions/A/AppleFSCompression
0x000000001c25b000 	/System/Library/PrivateFrameworks/SpeechRecognitionCore.framework/Versions/A/SpeechRecognitionCore
0x000000010a200000 	/Library/Java/JavaVirtualMachines/1.7.0.jdk/Contents/Home/jre/lib/server/libjvm.dylib
0x000000001c25b000 	/usr/lib/libstdc++.6.0.9.dylib
0x0000000109844000 	/Library/Java/JavaVirtualMachines/1.7.0.jdk/Contents/Home/jre/lib/libverify.dylib
0x0000000109851000 	/Library/Java/JavaVirtualMachines/1.7.0.jdk/Contents/Home/jre/lib/libjava.dylib
0x00000001098cb000 	/Library/Java/JavaVirtualMachines/1.7.0.jdk/Contents/Home/jre/lib/libzip.dylib
0x000000001c25b000 	/System/Library/Frameworks/JavaVM.framework/Versions/A/Frameworks/JavaRuntimeSupport.framework/Versions/A/JavaRuntimeSupport
0x000000001c25b000 	/System/Library/Frameworks/JavaVM.framework/Versions/A/Frameworks/JavaNativeFoundation.framework/Versions/A/JavaNativeFoundation
0x000000001c25b000 	/System/Library/Frameworks/JavaVM.framework/Versions/A/JavaVM
0x000000001c25b000 	/System/Library/Frameworks/Carbon.framework/Versions/A/Carbon
0x000000001c25b000 	/System/Library/PrivateFrameworks/JavaLaunching.framework/Versions/A/JavaLaunching
0x000000001c25b000 	/System/Library/Frameworks/Carbon.framework/Versions/A/Frameworks/CommonPanels.framework/Versions/A/CommonPanels
0x000000001c25b000 	/System/Library/Frameworks/Carbon.framework/Versions/A/Frameworks/Help.framework/Versions/A/Help
0x000000001c25b000 	/System/Library/Frameworks/Carbon.framework/Versions/A/Frameworks/ImageCapture.framework/Versions/A/ImageCapture
0x000000001c25b000 	/System/Library/Frameworks/Carbon.framework/Versions/A/Frameworks/OpenScripting.framework/Versions/A/OpenScripting
0x000000001c25b000 	/System/Library/Frameworks/Carbon.framework/Versions/A/Frameworks/Print.framework/Versions/A/Print
0x000000001c25b000 	/System/Library/Frameworks/Carbon.framework/Versions/A/Frameworks/SecurityHI.framework/Versions/A/SecurityHI
0x000000010bfb4000 	/Library/Java/JavaVirtualMachines/1.7.0.jdk/Contents/Home/jre/lib/libnio.dylib
0x000000010bfc3000 	/Library/Java/JavaVirtualMachines/1.7.0.jdk/Contents/Home/jre/lib/./libnet.dylib

VM Arguments:
jvm_args: -Dmaven.home=EMBEDDED -Dclassworlds.conf=/Users/Emilio/Desktop/workspaceNuevo/.metadata/.plugins/org.eclipse.m2e.launching/launches/m2conf7201449574503737603.tmp -Dm2e.workspace.state=/Users/Emilio/Desktop/workspaceNuevo/.metadata/.plugins/org.eclipse.m2e.core/workspacestate.properties -Dmaven.multiModuleProjectDirectory=/Users/Emilio/Desktop/Eclipse_PFC_IMPORTANTE.app/Contents/MacOS/${workspace_loc:/pojo-app} -Dfile.encoding=UTF-8 
java_command: org.codehaus.plexus.classworlds.launcher.Launcher -B jetty:run
Launcher Type: SUN_STANDARD

Environment Variables:
PATH=/usr/bin:/bin:/usr/sbin:/sbin
SHELL=/bin/bash
DISPLAY=/private/tmp/com.apple.launchd.Qq13zN7Odn/org.macosforge.xquartz:0

Signal Handlers:
SIGSEGV: [libjvm.dylib+0x4a1961], sa_mask[0]=0xfffefeff, sa_flags=0x00000042
SIGBUS: [libjvm.dylib+0x4a1961], sa_mask[0]=0xfffefeff, sa_flags=0x00000042
SIGFPE: [libjvm.dylib+0x3b173d], sa_mask[0]=0xfffefeff, sa_flags=0x00000042
SIGPIPE: [libjvm.dylib+0x3b173d], sa_mask[0]=0xfffefeff, sa_flags=0x00000042
SIGXFSZ: [libjvm.dylib+0x3b173d], sa_mask[0]=0xfffefeff, sa_flags=0x00000042
SIGILL: [libjvm.dylib+0x3b173d], sa_mask[0]=0xfffefeff, sa_flags=0x00000042
SIGUSR1: SIG_DFL, sa_mask[0]=0x00000000, sa_flags=0x00000000
SIGUSR2: [libjvm.dylib+0x3b12ca], sa_mask[0]=0x00000004, sa_flags=0x00000042
SIGHUP: [libjvm.dylib+0x3af4ef], sa_mask[0]=0xfffefeff, sa_flags=0x00000042
SIGINT: [libjvm.dylib+0x3af4ef], sa_mask[0]=0xfffefeff, sa_flags=0x00000042
SIGTERM: [libjvm.dylib+0x3af4ef], sa_mask[0]=0xfffefeff, sa_flags=0x00000042
SIGQUIT: [libjvm.dylib+0x3af4ef], sa_mask[0]=0xfffefeff, sa_flags=0x00000042


---------------  S Y S T E M  ---------------

OS:Bsd
uname:Darwin 17.3.0 Darwin Kernel Version 17.3.0: Thu Nov  9 18:09:22 PST 2017; root:xnu-4570.31.3~1/RELEASE_X86_64 x86_64
rlimit: STACK 8192k, CORE 0k, NPROC 1418, NOFILE 10240
CPU:total 4 (2 cores per cpu, 2 threads per core) family 6 model 42 stepping 7, cmov, cx8, fxsr, mmx, sse, sse2, sse3, ssse3, sse4.1, sse4.2, popcnt, avx, ht, tsc, tscinvbit

Memory: 4k page, physical 17803292277031400k(4450823069257850k free)

/proc/meminfo:


vm_info: Java HotSpot(TM) 64-Bit Server VM (23.1-b03) for bsd-amd64 JRE (1.7.0_05-b06), built on Jun 27 2012 00:35:26 by "java_re" with gcc 4.2.1 (Based on Apple Inc. build 5658) (LLVM build 2336.1.00)

time: Tue Jul 17 17:20:20 2018
elapsed time: 0 seconds

