#
# A fatal error has been detected by the Java Runtime Environment:
#
#  SIGBUS (0xa) at pc=0x000000010c963bb3, pid=1938, tid=123145445355520
#
# JRE version: 7.0_05-b06
# Java VM: Java HotSpot(TM) 64-Bit Server VM (23.1-b03 mixed mode bsd-amd64 compressed oops)
# Problematic frame:
# J  java.util.zip.ZipCoder.getBytes(Ljava/lang/String;)[B
#
# Failed to write core dump. Core dumps have been disabled. To enable core dumping, try "ulimit -c unlimited" before starting Java again
#
# If you would like to submit a bug report, please visit:
#   http://bugreport.sun.com/bugreport/crash.jsp
#

---------------  T H R E A D  ---------------

Current thread (0x00007fa31c014800):  JavaThread "main" [_thread_in_Java, id=143044608, stack(0x000070000876b000,0x000070000886b000)]

siginfo:si_signo=SIGBUS: si_errno=0, si_code=2 (BUS_ADRERR), si_addr=0x00000001148cf008

Registers:
RAX=0x000000010c52d5e0, RBX=0x0000700008869570, RCX=0x0000007e2696d201, RDX=0x0000000617b3dec0
RSP=0x00007000088694f0, RBP=0x00007fa31a42d330, RSI=0x0000000617b3e498, RDI=0x00007fa31c014800
R8 =0x0000000040000000, R9 =0x0000000000000061, R10=0x00000000a064de93, R11=0x0000000000000000
R12=0x00000001148cf000, R13=0x0000000617b3e498, R14=0x0000000000000000, R15=0x00007fa31c014800
RIP=0x000000010c963bb3, EFLAGS=0x0000000000010206, ERR=0x0000000000000004
  TRAPNO=0x000000000000000e

Top of Stack: (sp=0x00007000088694f0)
0x00007000088694f0:   00007fa31c014800 0000700008869570
0x0000700008869500:   0000700008869608 00007fa31c014800
0x0000700008869510:   00007000088695e8 000000010c948448
0x0000700008869520:   00007fa31a42d330 000000010c96cb14
0x0000700008869530:   0000000617b3e2f0 000000010c8ef333
0x0000700008869540:   0000000617b3e2f0 000000061646d4c0
0x0000700008869550:   0000000617b3dec0 0000000114aa8445
0x0000700008869560:   00007000088695a0 0000000114aa9338
0x0000700008869570:   0000007e2696d201 0000000114aa8458
0x0000700008869580:   00007000088695e8 000000010c8ef333
0x0000700008869590:   000000010c8ef333 0000000617b3dec0
0x00007000088695a0:   0000000617b3e2f0 00007000088695a8
0x00007000088695b0:   0000000114c26a32 0000700008869608
0x00007000088695c0:   0000000114c27888 0000000000000000
0x00007000088695d0:   0000000114c26a88 0000700008869598
0x00007000088695e0:   0000700008869600 0000700008869658
0x00007000088695f0:   000000010c8ef333 0000000000000000
0x0000700008869600:   0000000617b3dec0 0000000617b3e2f0
0x0000700008869610:   0000000617b3ddc8 0000700008869618
0x0000700008869620:   0000000114c20c16 0000700008869670
0x0000700008869630:   0000000114c238b0 0000000000000000
0x0000700008869640:   0000000114c20c88 0000700008869600
0x0000700008869650:   0000700008869670 00007000088696b8
0x0000700008869660:   000000010c8ef158 0000000000000000
0x0000700008869670:   0000000617b3ddc8 0000700008869678
0x0000700008869680:   0000000114c20d59 00007000088696d0
0x0000700008869690:   0000000114c238b0 0000000000000000
0x00007000088696a0:   0000000114c20dd0 0000700008869670
0x00007000088696b0:   00007000088696d0 0000700008869718
0x00007000088696c0:   000000010c8ef333 0000000000000000
0x00007000088696d0:   0000000617b3ddc8 00007000088696d8
0x00007000088696e0:   0000000114aa8684 0000700008869728 

Instructions: (pc=0x000000010c963bb3)
0x000000010c963b93:   ff 0f 1f 84 00 00 00 00 00 66 66 66 90 89 84 24
0x000000010c963ba3:   00 c0 fe ff 55 48 83 ec 30 4c 8b ee 44 8b 76 18
0x000000010c963bb3:   47 8b 54 f4 08 43 c7 44 f4 14 00 00 00 00 8b 5a
0x000000010c963bc3:   14 4f 8d 04 f4 81 fb 00 00 08 00 0f 87 f2 02 00 

Register to memory mapping:

RAX=0x000000010c52d5e0: _ZN20SafepointSynchronize6_stateE+0 in /Library/Java/JavaVirtualMachines/1.7.0.jdk/Contents/Home/jre/lib/server/libjvm.dylib at 0x000000010be00000
RBX=0x0000700008869570 is pointing into the stack for thread: 0x00007fa31c014800
RCX=0x0000007e2696d201 is an unknown value
RDX=0x0000000617b3dec0 is an oop
java.lang.String 
 - klass: 'java/lang/String'
RSP=0x00007000088694f0 is pointing into the stack for thread: 0x00007fa31c014800
RBP=0x00007fa31a42d330 is an unknown value
RSI=0x0000000617b3e498 is an oop
java.util.zip.ZipCoder 
 - klass: 'java/util/zip/ZipCoder'
RDI=0x00007fa31c014800 is a thread
R8 =0x0000000040000000 is an unknown value
R9 =0x0000000000000061 is an unknown value
R10=0x00000000a064de93 is an unknown value
R11=0x0000000000000000 is an unknown value
R12=0x00000001148cf000 is an unknown value
R13=0x0000000617b3e498 is an oop
java.util.zip.ZipCoder 
 - klass: 'java/util/zip/ZipCoder'
R14=0x0000000000000000 is an unknown value
R15=0x00007fa31c014800 is a thread


Stack: [0x000070000876b000,0x000070000886b000],  sp=0x00007000088694f0,  free space=1017k
Native frames: (J=compiled Java code, j=interpreted, Vv=VM code, C=native code)
J  java.util.zip.ZipCoder.getBytes(Ljava/lang/String;)[B
C  0x0000000000000002


---------------  P R O C E S S  ---------------

Java Threads: ( => current thread )
  0x00007fa31a823800 JavaThread "Service Thread" daemon [_thread_blocked, id=155250688, stack(0x000070000930f000,0x000070000940f000)]
  0x00007fa31b00d800 JavaThread "C2 CompilerThread1" daemon [_thread_in_native, id=154189824, stack(0x000070000920c000,0x000070000930c000)]
  0x00007fa31b829800 JavaThread "C2 CompilerThread0" daemon [_thread_in_native, id=153128960, stack(0x0000700009109000,0x0000700009209000)]
  0x00007fa31b823800 JavaThread "Signal Dispatcher" daemon [_thread_blocked, id=152068096, stack(0x0000700009006000,0x0000700009106000)]
  0x00007fa31b81b000 JavaThread "Finalizer" daemon [_thread_blocked, id=150470656, stack(0x0000700008e80000,0x0000700008f80000)]
  0x00007fa31a81d800 JavaThread "Reference Handler" daemon [_thread_blocked, id=149409792, stack(0x0000700008d7d000,0x0000700008e7d000)]
=>0x00007fa31c014800 JavaThread "main" [_thread_in_Java, id=143044608, stack(0x000070000876b000,0x000070000886b000)]

Other Threads:
  0x00007fa31b02a000 VMThread [stack: 0x0000700008c7a000,0x0000700008d7a000] [id=148348928]
  0x00007fa31b829000 WatcherThread [stack: 0x0000700009412000,0x0000700009512000] [id=156311552]

VM state:not at safepoint (normal execution)

VM Mutex/Monitor currently owned by a thread: None

Heap
 PSYoungGen      total 611648K, used 31458K [0x0000000616430000, 0x0000000640ed0000, 0x00000008948d0000)
  eden space 524288K, 6% used [0x0000000616430000,0x00000006182e8808,0x0000000636430000)
  from space 87360K, 0% used [0x000000063b980000,0x000000063b980000,0x0000000640ed0000)
  to   space 87360K, 0% used [0x0000000636430000,0x0000000636430000,0x000000063b980000)
 ParOldGen       total 1398144K, used 0K [0x0000000119ad0000, 0x000000016f030000, 0x0000000616430000)
  object space 1398144K, 0% used [0x0000000119ad0000,0x0000000119ad0000,0x000000016f030000)
 PSPermGen       total 21248K, used 7465K [0x00000001148d0000, 0x0000000115d90000, 0x0000000119ad0000)
  object space 21248K, 35% used [0x00000001148d0000,0x000000011501a480,0x0000000115d90000)

Code Cache  [0x000000010c8e9000, 0x000000010cb59000, 0x000000010f8e9000)
 total_blobs=293 nmethods=54 adapters=192 free_code_cache=48604Kb largest_free_block=49740864

Compilation events (10 events):
Event: 0.823 Thread 0x00007fa31b00d800   50             java.lang.String::substring (83 bytes)
Event: 0.824 Thread 0x00007fa31b00d800 nmethod 50 0x000000010c95d750 code [0x000000010c95d8a0, 0x000000010c95da18]
Event: 0.877 Thread 0x00007fa31b829800   51             java.util.HashMap::hash (23 bytes)
Event: 0.878 Thread 0x00007fa31b829800 nmethod 51 0x000000010c96aed0 code [0x000000010c96b000, 0x000000010c96b058]
Event: 0.878 Thread 0x00007fa31b00d800   52             java.util.HashMap::indexFor (6 bytes)
Event: 0.879 Thread 0x00007fa31b00d800 nmethod 52 0x000000010c964990 code [0x000000010c964ac0, 0x000000010c964af8]
Event: 0.879 Thread 0x00007fa31b829800   53             java.io.DataOutputStream::writeUTF (435 bytes)
Event: 0.902 Thread 0x00007fa31b829800 nmethod 53 0x000000010c96b590 code [0x000000010c96b720, 0x000000010c96c3a8]
Event: 0.914 Thread 0x00007fa31b00d800   54   !         java.io.BufferedReader::readLine (304 bytes)
Event: 0.915 Thread 0x00007fa31b829800   55             sun.nio.cs.UTF_8$Decoder::decodeArrayLoop (543 bytes)

GC Heap History (0 events):
No events

Deoptimization events (0 events):
No events

Internal exceptions (10 events):
Event: 0.913 Thread 0x00007fa31c014800 Threw 0x0000000617af51d0 at /HUDSON/workspace/jdk7u5-2-build-macosx-amd64-product/jdk7u5/hotspot/src/share/vm/prims/jvm.cpp:1166
Event: 0.918 Thread 0x00007fa31c014800 Threw 0x0000000617b15fd8 at /HUDSON/workspace/jdk7u5-2-build-macosx-amd64-product/jdk7u5/hotspot/src/share/vm/prims/jvm.cpp:1166
Event: 0.918 Thread 0x00007fa31c014800 Threw 0x0000000617b166d8 at /HUDSON/workspace/jdk7u5-2-build-macosx-amd64-product/jdk7u5/hotspot/src/share/vm/prims/jvm.cpp:1166
Event: 0.919 Thread 0x00007fa31c014800 Threw 0x0000000617b1fd90 at /HUDSON/workspace/jdk7u5-2-build-macosx-amd64-product/jdk7u5/hotspot/src/share/vm/prims/jvm.cpp:1166
Event: 0.919 Thread 0x00007fa31c014800 Threw 0x0000000617b20db0 at /HUDSON/workspace/jdk7u5-2-build-macosx-amd64-product/jdk7u5/hotspot/src/share/vm/prims/jvm.cpp:1166
Event: 0.919 Thread 0x00007fa31c014800 Threw 0x0000000617b21400 at /HUDSON/workspace/jdk7u5-2-build-macosx-amd64-product/jdk7u5/hotspot/src/share/vm/prims/jvm.cpp:1166
Event: 0.920 Thread 0x00007fa31c014800 Threw 0x0000000617b2b9b8 at /HUDSON/workspace/jdk7u5-2-build-macosx-amd64-product/jdk7u5/hotspot/src/share/vm/prims/jvm.cpp:1166
Event: 0.920 Thread 0x00007fa31c014800 Threw 0x0000000617b2c038 at /HUDSON/workspace/jdk7u5-2-build-macosx-amd64-product/jdk7u5/hotspot/src/share/vm/prims/jvm.cpp:1166
Event: 0.921 Thread 0x00007fa31c014800 Threw 0x0000000617b32940 at /HUDSON/workspace/jdk7u5-2-build-macosx-amd64-product/jdk7u5/hotspot/src/share/vm/prims/jvm.cpp:1166
Event: 0.921 Thread 0x00007fa31c014800 Threw 0x0000000617b32ff0 at /HUDSON/workspace/jdk7u5-2-build-macosx-amd64-product/jdk7u5/hotspot/src/share/vm/prims/jvm.cpp:1166

Events (10 events):
Event: 0.913 loading class 0x00007fa31a76e8d0
Event: 0.913 loading class 0x00007fa31a76e8d0 done
Event: 0.918 loading class 0x00007fa31a42ecf0
Event: 0.918 loading class 0x00007fa31a42ecf0 done
Event: 0.919 loading class 0x00007fa31a768270
Event: 0.919 loading class 0x00007fa31a768270 done
Event: 0.920 loading class 0x00007fa31a47f790
Event: 0.920 loading class 0x00007fa31a47f790 done
Event: 0.921 loading class 0x00007fa31a47f720
Event: 0.921 loading class 0x00007fa31a47f720 done


Dynamic libraries:
0x000000001c25b000 	/System/Library/Frameworks/Cocoa.framework/Versions/A/Cocoa
0x000000001c25b000 	/System/Library/Frameworks/Security.framework/Versions/A/Security
0x000000001c25b000 	/System/Library/Frameworks/ApplicationServices.framework/Versions/A/ApplicationServices
0x000000001c25b000 	/usr/lib/libz.1.dylib
0x000000001c25b000 	/usr/lib/libSystem.B.dylib
0x000000001c25b000 	/usr/lib/libobjc.A.dylib
0x000000001c25b000 	/System/Library/Frameworks/CoreFoundation.framework/Versions/A/CoreFoundation
0x000000001c25b000 	/System/Library/Frameworks/AppKit.framework/Versions/C/AppKit
0x000000001c25b000 	/System/Library/Frameworks/CoreData.framework/Versions/A/CoreData
0x000000001c25b000 	/System/Library/Frameworks/Foundation.framework/Versions/C/Foundation
0x000000001c25b000 	/System/Library/PrivateFrameworks/RemoteViewServices.framework/Versions/A/RemoteViewServices
0x000000001c25b000 	/System/Library/PrivateFrameworks/UIFoundation.framework/Versions/A/UIFoundation
0x000000001c25b000 	/System/Library/PrivateFrameworks/DFRFoundation.framework/Versions/A/DFRFoundation
0x000000001c25b000 	/System/Library/Frameworks/Metal.framework/Versions/A/Metal
0x000000001c25b000 	/System/Library/PrivateFrameworks/DesktopServicesPriv.framework/Versions/A/DesktopServicesPriv
0x000000001c25b000 	/usr/lib/libenergytrace.dylib
0x000000001c25b000 	/System/Library/PrivateFrameworks/SkyLight.framework/Versions/A/SkyLight
0x000000001c25b000 	/System/Library/Frameworks/CoreGraphics.framework/Versions/A/CoreGraphics
0x000000001c25b000 	/usr/lib/libScreenReader.dylib
0x000000001c25b000 	/System/Library/Frameworks/Accelerate.framework/Versions/A/Accelerate
0x000000001c25b000 	/System/Library/Frameworks/IOSurface.framework/Versions/A/IOSurface
0x000000001c25b000 	/System/Library/Frameworks/AudioToolbox.framework/Versions/A/AudioToolbox
0x000000001c25b000 	/System/Library/Frameworks/AudioUnit.framework/Versions/A/AudioUnit
0x000000001c25b000 	/System/Library/PrivateFrameworks/DataDetectorsCore.framework/Versions/A/DataDetectorsCore
0x000000001c25b000 	/System/Library/Frameworks/Carbon.framework/Versions/A/Frameworks/HIToolbox.framework/Versions/A/HIToolbox
0x000000001c25b000 	/usr/lib/libicucore.A.dylib
0x000000001c25b000 	/System/Library/Frameworks/QuartzCore.framework/Versions/A/QuartzCore
0x000000001c25b000 	/System/Library/Frameworks/Carbon.framework/Versions/A/Frameworks/SpeechRecognition.framework/Versions/A/SpeechRecognition
0x000000001c25b000 	/usr/lib/libauto.dylib
0x000000001c25b000 	/usr/lib/libxml2.2.dylib
0x000000001c25b000 	/System/Library/PrivateFrameworks/CoreUI.framework/Versions/A/CoreUI
0x000000001c25b000 	/System/Library/Frameworks/CoreAudio.framework/Versions/A/CoreAudio
0x000000001c25b000 	/System/Library/Frameworks/DiskArbitration.framework/Versions/A/DiskArbitration
0x000000001c25b000 	/usr/lib/liblangid.dylib
0x000000001c25b000 	/System/Library/PrivateFrameworks/MultitouchSupport.framework/Versions/A/MultitouchSupport
0x000000001c25b000 	/System/Library/Frameworks/IOKit.framework/Versions/A/IOKit
0x000000001c25b000 	/usr/lib/libDiagnosticMessagesClient.dylib
0x000000001c25b000 	/System/Library/Frameworks/CoreServices.framework/Versions/A/CoreServices
0x000000001c25b000 	/System/Library/PrivateFrameworks/PerformanceAnalysis.framework/Versions/A/PerformanceAnalysis
0x000000001c25b000 	/System/Library/Frameworks/OpenGL.framework/Versions/A/OpenGL
0x000000001c25b000 	/System/Library/Frameworks/ColorSync.framework/Versions/A/ColorSync
0x000000001c25b000 	/System/Library/Frameworks/CoreImage.framework/Versions/A/CoreImage
0x000000001c25b000 	/System/Library/Frameworks/CoreText.framework/Versions/A/CoreText
0x000000001c25b000 	/System/Library/Frameworks/ImageIO.framework/Versions/A/ImageIO
0x000000001c25b000 	/System/Library/PrivateFrameworks/Backup.framework/Versions/A/Backup
0x000000001c25b000 	/usr/lib/libarchive.2.dylib
0x000000001c25b000 	/System/Library/Frameworks/CFNetwork.framework/Versions/A/CFNetwork
0x000000001c25b000 	/System/Library/Frameworks/SystemConfiguration.framework/Versions/A/SystemConfiguration
0x000000001c25b000 	/usr/lib/libCRFSuite.dylib
0x000000001c25b000 	/usr/lib/libc++.1.dylib
0x000000001c25b000 	/usr/lib/libc++abi.dylib
0x000000001c25b000 	/usr/lib/system/libcache.dylib
0x000000001c25b000 	/usr/lib/system/libcommonCrypto.dylib
0x000000001c25b000 	/usr/lib/system/libcompiler_rt.dylib
0x000000001c25b000 	/usr/lib/system/libcopyfile.dylib
0x000000001c25b000 	/usr/lib/system/libcorecrypto.dylib
0x000000001c25b000 	/usr/lib/system/libdispatch.dylib
0x000000001c25b000 	/usr/lib/system/libdyld.dylib
0x000000001c25b000 	/usr/lib/system/libkeymgr.dylib
0x000000001c25b000 	/usr/lib/system/liblaunch.dylib
0x000000001c25b000 	/usr/lib/system/libmacho.dylib
0x000000001c25b000 	/usr/lib/system/libquarantine.dylib
0x000000001c25b000 	/usr/lib/system/libremovefile.dylib
0x000000001c25b000 	/usr/lib/system/libsystem_asl.dylib
0x000000001c25b000 	/usr/lib/system/libsystem_blocks.dylib
0x000000001c25b000 	/usr/lib/system/libsystem_c.dylib
0x000000001c25b000 	/usr/lib/system/libsystem_configuration.dylib
0x000000001c25b000 	/usr/lib/system/libsystem_coreservices.dylib
0x000000001c25b000 	/usr/lib/system/libsystem_darwin.dylib
0x000000001c25b000 	/usr/lib/system/libsystem_dnssd.dylib
0x000000001c25b000 	/usr/lib/system/libsystem_info.dylib
0x000000001c25b000 	/usr/lib/system/libsystem_m.dylib
0x000000001c25b000 	/usr/lib/system/libsystem_malloc.dylib
0x000000001c25b000 	/usr/lib/system/libsystem_network.dylib
0x000000001c25b000 	/usr/lib/system/libsystem_networkextension.dylib
0x000000001c25b000 	/usr/lib/system/libsystem_notify.dylib
0x000000001c25b000 	/usr/lib/system/libsystem_sandbox.dylib
0x000000001c25b000 	/usr/lib/system/libsystem_secinit.dylib
0x000000001c25b000 	/usr/lib/system/libsystem_kernel.dylib
0x000000001c25b000 	/usr/lib/system/libsystem_platform.dylib
0x000000001c25b000 	/usr/lib/system/libsystem_pthread.dylib
0x000000001c25b000 	/usr/lib/system/libsystem_symptoms.dylib
0x000000001c25b000 	/usr/lib/system/libsystem_trace.dylib
0x000000001c25b000 	/usr/lib/system/libunwind.dylib
0x000000001c25b000 	/usr/lib/system/libxpc.dylib
0x000000001c25b000 	/usr/lib/closure/libclosured.dylib
0x000000001c25b000 	/usr/lib/libbsm.0.dylib
0x000000001c25b000 	/usr/lib/system/libkxld.dylib
0x000000001c25b000 	/usr/lib/libOpenScriptingUtil.dylib
0x000000001c25b000 	/usr/lib/libcoretls.dylib
0x000000001c25b000 	/usr/lib/libcoretls_cfhelpers.dylib
0x000000001c25b000 	/usr/lib/libpam.2.dylib
0x000000001c25b000 	/usr/lib/libsqlite3.dylib
0x000000001c25b000 	/usr/lib/libxar.1.dylib
0x000000001c25b000 	/usr/lib/libbz2.1.0.dylib
0x000000001c25b000 	/usr/lib/liblzma.5.dylib
0x000000001c25b000 	/usr/lib/libnetwork.dylib
0x000000001c25b000 	/usr/lib/libapple_nghttp2.dylib
0x000000001c25b000 	/usr/lib/libpcap.A.dylib
0x000000001c25b000 	/usr/lib/libboringssl.dylib
0x000000001c25b000 	/usr/lib/libusrtcp.dylib
0x000000001c25b000 	/usr/lib/libapple_crypto.dylib
0x000000001c25b000 	/System/Library/Frameworks/CoreServices.framework/Versions/A/Frameworks/FSEvents.framework/Versions/A/FSEvents
0x000000001c25b000 	/System/Library/Frameworks/CoreServices.framework/Versions/A/Frameworks/CarbonCore.framework/Versions/A/CarbonCore
0x000000001c25b000 	/System/Library/Frameworks/CoreServices.framework/Versions/A/Frameworks/Metadata.framework/Versions/A/Metadata
0x000000001c25b000 	/System/Library/Frameworks/CoreServices.framework/Versions/A/Frameworks/OSServices.framework/Versions/A/OSServices
0x000000001c25b000 	/System/Library/Frameworks/CoreServices.framework/Versions/A/Frameworks/SearchKit.framework/Versions/A/SearchKit
0x000000001c25b000 	/System/Library/Frameworks/CoreServices.framework/Versions/A/Frameworks/AE.framework/Versions/A/AE
0x000000001c25b000 	/System/Library/Frameworks/CoreServices.framework/Versions/A/Frameworks/LaunchServices.framework/Versions/A/LaunchServices
0x000000001c25b000 	/System/Library/Frameworks/CoreServices.framework/Versions/A/Frameworks/DictionaryServices.framework/Versions/A/DictionaryServices
0x000000001c25b000 	/System/Library/Frameworks/CoreServices.framework/Versions/A/Frameworks/SharedFileList.framework/Versions/A/SharedFileList
0x000000001c25b000 	/System/Library/Frameworks/NetFS.framework/Versions/A/NetFS
0x000000001c25b000 	/System/Library/PrivateFrameworks/NetAuth.framework/Versions/A/NetAuth
0x000000001c25b000 	/System/Library/PrivateFrameworks/login.framework/Versions/A/Frameworks/loginsupport.framework/Versions/A/loginsupport
0x000000001c25b000 	/System/Library/PrivateFrameworks/TCC.framework/Versions/A/TCC
0x000000001c25b000 	/usr/lib/libmecabra.dylib
0x000000001c25b000 	/System/Library/Frameworks/ApplicationServices.framework/Versions/A/Frameworks/ATS.framework/Versions/A/ATS
0x000000001c25b000 	/System/Library/Frameworks/ApplicationServices.framework/Versions/A/Frameworks/ColorSyncLegacy.framework/Versions/A/ColorSyncLegacy
0x000000001c25b000 	/System/Library/Frameworks/ApplicationServices.framework/Versions/A/Frameworks/HIServices.framework/Versions/A/HIServices
0x000000001c25b000 	/System/Library/Frameworks/ApplicationServices.framework/Versions/A/Frameworks/LangAnalysis.framework/Versions/A/LangAnalysis
0x000000001c25b000 	/System/Library/Frameworks/ApplicationServices.framework/Versions/A/Frameworks/PrintCore.framework/Versions/A/PrintCore
0x000000001c25b000 	/System/Library/Frameworks/ApplicationServices.framework/Versions/A/Frameworks/QD.framework/Versions/A/QD
0x000000001c25b000 	/System/Library/Frameworks/ApplicationServices.framework/Versions/A/Frameworks/SpeechSynthesis.framework/Versions/A/SpeechSynthesis
0x000000001c25b000 	/System/Library/Frameworks/CoreDisplay.framework/Versions/A/CoreDisplay
0x000000001c25b000 	/System/Library/Frameworks/Accelerate.framework/Versions/A/Frameworks/vImage.framework/Versions/A/vImage
0x000000001c25b000 	/System/Library/Frameworks/Accelerate.framework/Versions/A/Frameworks/vecLib.framework/Versions/A/vecLib
0x000000001c25b000 	/System/Library/Frameworks/Accelerate.framework/Versions/A/Frameworks/vecLib.framework/Versions/A/libvDSP.dylib
0x000000001c25b000 	/System/Library/Frameworks/Accelerate.framework/Versions/A/Frameworks/vecLib.framework/Versions/A/libBNNS.dylib
0x000000001c25b000 	/System/Library/Frameworks/Accelerate.framework/Versions/A/Frameworks/vecLib.framework/Versions/A/libQuadrature.dylib
0x000000001c25b000 	/System/Library/Frameworks/Accelerate.framework/Versions/A/Frameworks/vecLib.framework/Versions/A/libvMisc.dylib
0x000000001c25b000 	/System/Library/Frameworks/Accelerate.framework/Versions/A/Frameworks/vecLib.framework/Versions/A/libLAPACK.dylib
0x000000001c25b000 	/System/Library/Frameworks/Accelerate.framework/Versions/A/Frameworks/vecLib.framework/Versions/A/libBLAS.dylib
0x000000001c25b000 	/System/Library/Frameworks/Accelerate.framework/Versions/A/Frameworks/vecLib.framework/Versions/A/libLinearAlgebra.dylib
0x000000001c25b000 	/System/Library/Frameworks/Accelerate.framework/Versions/A/Frameworks/vecLib.framework/Versions/A/libSparse.dylib
0x000000001c25b000 	/System/Library/Frameworks/Accelerate.framework/Versions/A/Frameworks/vecLib.framework/Versions/A/libSparseBLAS.dylib
0x000000001c25b000 	/System/Library/PrivateFrameworks/IOAccelerator.framework/Versions/A/IOAccelerator
0x000000001c25b000 	/System/Library/PrivateFrameworks/IOPresentment.framework/Versions/A/IOPresentment
0x000000001c25b000 	/System/Library/PrivateFrameworks/DSExternalDisplay.framework/Versions/A/DSExternalDisplay
0x000000001c25b000 	/System/Library/Frameworks/OpenGL.framework/Versions/A/Libraries/libCoreFSCache.dylib
0x000000001c25b000 	/System/Library/Frameworks/CoreVideo.framework/Versions/A/CoreVideo
0x000000001c25b000 	/System/Library/PrivateFrameworks/GraphVisualizer.framework/Versions/A/GraphVisualizer
0x000000001c25b000 	/System/Library/Frameworks/MetalPerformanceShaders.framework/Versions/A/MetalPerformanceShaders
0x000000001c25b000 	/usr/lib/libFosl_dynamic.dylib
0x000000001c25b000 	/System/Library/PrivateFrameworks/FaceCore.framework/Versions/A/FaceCore
0x000000001c25b000 	/System/Library/Frameworks/OpenCL.framework/Versions/A/OpenCL
0x000000001c25b000 	/usr/lib/libcompression.dylib
0x000000001c25b000 	/System/Library/Frameworks/ApplicationServices.framework/Versions/A/Frameworks/ATS.framework/Versions/A/Resources/libFontParser.dylib
0x000000001c25b000 	/System/Library/Frameworks/ApplicationServices.framework/Versions/A/Frameworks/ATS.framework/Versions/A/Resources/libFontRegistry.dylib
0x000000001c25b000 	/System/Library/Frameworks/ImageIO.framework/Versions/A/Resources/libJPEG.dylib
0x000000001c25b000 	/System/Library/Frameworks/ImageIO.framework/Versions/A/Resources/libTIFF.dylib
0x000000001c25b000 	/System/Library/Frameworks/ImageIO.framework/Versions/A/Resources/libPng.dylib
0x000000001c25b000 	/System/Library/Frameworks/ImageIO.framework/Versions/A/Resources/libGIF.dylib
0x000000001c25b000 	/System/Library/Frameworks/ImageIO.framework/Versions/A/Resources/libJP2.dylib
0x000000001c25b000 	/System/Library/Frameworks/ImageIO.framework/Versions/A/Resources/libRadiance.dylib
0x000000001c25b000 	/System/Library/PrivateFrameworks/AppleJPEG.framework/Versions/A/AppleJPEG
0x000000001c25b000 	/System/Library/PrivateFrameworks/MetalTools.framework/Versions/A/MetalTools
0x000000001c25b000 	/System/Library/Frameworks/MetalPerformanceShaders.framework/Frameworks/MPSCore.framework/Versions/A/MPSCore
0x000000001c25b000 	/System/Library/Frameworks/MetalPerformanceShaders.framework/Frameworks/MPSImage.framework/Versions/A/MPSImage
0x000000001c25b000 	/System/Library/Frameworks/MetalPerformanceShaders.framework/Frameworks/MPSMatrix.framework/Versions/A/MPSMatrix
0x000000001c25b000 	/System/Library/Frameworks/MetalPerformanceShaders.framework/Frameworks/MPSNeuralNetwork.framework/Versions/A/MPSNeuralNetwork
0x000000001c25b000 	/System/Library/Frameworks/OpenGL.framework/Versions/A/Libraries/libGLU.dylib
0x000000001c25b000 	/System/Library/Frameworks/OpenGL.framework/Versions/A/Libraries/libGFXShared.dylib
0x000000001c25b000 	/System/Library/Frameworks/OpenGL.framework/Versions/A/Libraries/libGL.dylib
0x000000001c25b000 	/System/Library/Frameworks/OpenGL.framework/Versions/A/Libraries/libGLImage.dylib
0x000000001c25b000 	/System/Library/Frameworks/OpenGL.framework/Versions/A/Libraries/libCVMSPluginSupport.dylib
0x000000001c25b000 	/System/Library/Frameworks/OpenGL.framework/Versions/A/Libraries/libCoreVMClient.dylib
0x000000001c25b000 	/usr/lib/libcups.2.dylib
0x000000001c25b000 	/System/Library/Frameworks/Kerberos.framework/Versions/A/Kerberos
0x000000001c25b000 	/System/Library/Frameworks/GSS.framework/Versions/A/GSS
0x000000001c25b000 	/usr/lib/libresolv.9.dylib
0x000000001c25b000 	/usr/lib/libiconv.2.dylib
0x000000001c25b000 	/System/Library/PrivateFrameworks/Heimdal.framework/Versions/A/Heimdal
0x000000001c25b000 	/usr/lib/libheimdal-asn1.dylib
0x000000001c25b000 	/System/Library/Frameworks/OpenDirectory.framework/Versions/A/OpenDirectory
0x000000001c25b000 	/System/Library/PrivateFrameworks/CommonAuth.framework/Versions/A/CommonAuth
0x000000001c25b000 	/System/Library/Frameworks/OpenDirectory.framework/Versions/A/Frameworks/CFOpenDirectory.framework/Versions/A/CFOpenDirectory
0x000000001c25b000 	/System/Library/Frameworks/SecurityFoundation.framework/Versions/A/SecurityFoundation
0x000000001c25b000 	/System/Library/PrivateFrameworks/APFS.framework/Versions/A/APFS
0x000000001c25b000 	/usr/lib/libutil.dylib
0x000000001c25b000 	/System/Library/PrivateFrameworks/AppleSauce.framework/Versions/A/AppleSauce
0x000000001c25b000 	/System/Library/PrivateFrameworks/LinguisticData.framework/Versions/A/LinguisticData
0x000000001c25b000 	/usr/lib/libmarisa.dylib
0x000000001c25b000 	/System/Library/PrivateFrameworks/Lexicon.framework/Versions/A/Lexicon
0x000000001c25b000 	/usr/lib/libChineseTokenizer.dylib
0x000000001c25b000 	/usr/lib/libcmph.dylib
0x000000001c25b000 	/System/Library/PrivateFrameworks/LanguageModeling.framework/Versions/A/LanguageModeling
0x000000001c25b000 	/System/Library/PrivateFrameworks/CoreEmoji.framework/Versions/A/CoreEmoji
0x000000001c25b000 	/System/Library/Frameworks/ServiceManagement.framework/Versions/A/ServiceManagement
0x000000001c25b000 	/System/Library/PrivateFrameworks/BackgroundTaskManagement.framework/Versions/A/BackgroundTaskManagement
0x000000001c25b000 	/usr/lib/libxslt.1.dylib
0x000000001c25b000 	/System/Library/Frameworks/Carbon.framework/Versions/A/Frameworks/Ink.framework/Versions/A/Ink
0x000000001c25b000 	/System/Library/PrivateFrameworks/TextureIO.framework/Versions/A/TextureIO
0x000000001c25b000 	/usr/lib/libate.dylib
0x000000001c25b000 	/System/Library/PrivateFrameworks/CrashReporterSupport.framework/Versions/A/CrashReporterSupport
0x000000001c25b000 	/System/Library/PrivateFrameworks/Sharing.framework/Versions/A/Sharing
0x000000001c25b000 	/System/Library/PrivateFrameworks/IconServices.framework/Versions/A/IconServices
0x000000001c25b000 	/System/Library/PrivateFrameworks/ProtocolBuffer.framework/Versions/A/ProtocolBuffer
0x000000001c25b000 	/System/Library/PrivateFrameworks/Apple80211.framework/Versions/A/Apple80211
0x000000001c25b000 	/System/Library/Frameworks/CoreWLAN.framework/Versions/A/CoreWLAN
0x000000001c25b000 	/System/Library/PrivateFrameworks/CoreUtils.framework/Versions/A/CoreUtils
0x000000001c25b000 	/System/Library/Frameworks/IOBluetooth.framework/Versions/A/IOBluetooth
0x000000001c25b000 	/System/Library/PrivateFrameworks/CoreWiFi.framework/Versions/A/CoreWiFi
0x000000001c25b000 	/System/Library/Frameworks/CoreBluetooth.framework/Versions/A/CoreBluetooth
0x000000001c25b000 	/System/Library/PrivateFrameworks/SignpostNotification.framework/Versions/A/SignpostNotification
0x000000001c25b000 	/System/Library/PrivateFrameworks/DebugSymbols.framework/Versions/A/DebugSymbols
0x000000001c25b000 	/System/Library/PrivateFrameworks/CoreSymbolication.framework/Versions/A/CoreSymbolication
0x000000001c25b000 	/System/Library/PrivateFrameworks/Symbolication.framework/Versions/A/Symbolication
0x000000001c25b000 	/System/Library/PrivateFrameworks/AppleFSCompression.framework/Versions/A/AppleFSCompression
0x000000001c25b000 	/System/Library/PrivateFrameworks/SpeechRecognitionCore.framework/Versions/A/SpeechRecognitionCore
0x000000010be00000 	/Library/Java/JavaVirtualMachines/1.7.0.jdk/Contents/Home/jre/lib/server/libjvm.dylib
0x000000001c25b000 	/usr/lib/libstdc++.6.0.9.dylib
0x000000010b5b9000 	/Library/Java/JavaVirtualMachines/1.7.0.jdk/Contents/Home/jre/lib/libverify.dylib
0x000000010b5c6000 	/Library/Java/JavaVirtualMachines/1.7.0.jdk/Contents/Home/jre/lib/libjava.dylib
0x000000010c8e0000 	/Library/Java/JavaVirtualMachines/1.7.0.jdk/Contents/Home/jre/lib/libzip.dylib
0x000000001c25b000 	/System/Library/Frameworks/JavaVM.framework/Versions/A/Frameworks/JavaRuntimeSupport.framework/Versions/A/JavaRuntimeSupport
0x000000001c25b000 	/System/Library/Frameworks/JavaVM.framework/Versions/A/Frameworks/JavaNativeFoundation.framework/Versions/A/JavaNativeFoundation
0x000000001c25b000 	/System/Library/Frameworks/JavaVM.framework/Versions/A/JavaVM
0x000000001c25b000 	/System/Library/Frameworks/Carbon.framework/Versions/A/Carbon
0x000000001c25b000 	/System/Library/PrivateFrameworks/JavaLaunching.framework/Versions/A/JavaLaunching
0x000000001c25b000 	/System/Library/Frameworks/Carbon.framework/Versions/A/Frameworks/CommonPanels.framework/Versions/A/CommonPanels
0x000000001c25b000 	/System/Library/Frameworks/Carbon.framework/Versions/A/Frameworks/Help.framework/Versions/A/Help
0x000000001c25b000 	/System/Library/Frameworks/Carbon.framework/Versions/A/Frameworks/ImageCapture.framework/Versions/A/ImageCapture
0x000000001c25b000 	/System/Library/Frameworks/Carbon.framework/Versions/A/Frameworks/OpenScripting.framework/Versions/A/OpenScripting
0x000000001c25b000 	/System/Library/Frameworks/Carbon.framework/Versions/A/Frameworks/Print.framework/Versions/A/Print
0x000000001c25b000 	/System/Library/Frameworks/Carbon.framework/Versions/A/Frameworks/SecurityHI.framework/Versions/A/SecurityHI
0x00000008e3b44000 	/Library/Java/JavaVirtualMachines/1.7.0.jdk/Contents/Home/jre/lib/libnio.dylib
0x00000008e3b53000 	/Library/Java/JavaVirtualMachines/1.7.0.jdk/Contents/Home/jre/lib/./libnet.dylib

VM Arguments:
jvm_args: -Dmaven.home=EMBEDDED -Dclassworlds.conf=/Users/Emilio/Desktop/workspaceNuevo/.metadata/.plugins/org.eclipse.m2e.launching/launches/m2conf5211492230916022565.tmp -Dm2e.workspace.state=/Users/Emilio/Desktop/workspaceNuevo/.metadata/.plugins/org.eclipse.m2e.core/workspacestate.properties -Dmaven.multiModuleProjectDirectory=/Users/Emilio/Desktop/Eclipse_PFC_IMPORTANTE.app/Contents/MacOS/${workspace_loc:/pojo-app} -Dfile.encoding=UTF-8 
java_command: org.codehaus.plexus.classworlds.launcher.Launcher -B jetty:run
Launcher Type: SUN_STANDARD

Environment Variables:
PATH=/usr/bin:/bin:/usr/sbin:/sbin
SHELL=/bin/bash
DISPLAY=/private/tmp/com.apple.launchd.Qq13zN7Odn/org.macosforge.xquartz:0

Signal Handlers:
SIGSEGV: [libjvm.dylib+0x4a1961], sa_mask[0]=0xfffefeff, sa_flags=0x00000042
SIGBUS: [libjvm.dylib+0x4a1961], sa_mask[0]=0xfffefeff, sa_flags=0x00000042
SIGFPE: [libjvm.dylib+0x3b173d], sa_mask[0]=0xfffefeff, sa_flags=0x00000042
SIGPIPE: [libjvm.dylib+0x3b173d], sa_mask[0]=0xfffefeff, sa_flags=0x00000042
SIGXFSZ: [libjvm.dylib+0x3b173d], sa_mask[0]=0xfffefeff, sa_flags=0x00000042
SIGILL: [libjvm.dylib+0x3b173d], sa_mask[0]=0xfffefeff, sa_flags=0x00000042
SIGUSR1: SIG_DFL, sa_mask[0]=0x00000000, sa_flags=0x00000000
SIGUSR2: [libjvm.dylib+0x3b12ca], sa_mask[0]=0x00000004, sa_flags=0x00000042
SIGHUP: [libjvm.dylib+0x3af4ef], sa_mask[0]=0xfffefeff, sa_flags=0x00000042
SIGINT: [libjvm.dylib+0x3af4ef], sa_mask[0]=0xfffefeff, sa_flags=0x00000042
SIGTERM: [libjvm.dylib+0x3af4ef], sa_mask[0]=0xfffefeff, sa_flags=0x00000042
SIGQUIT: [libjvm.dylib+0x3af4ef], sa_mask[0]=0xfffefeff, sa_flags=0x00000042


---------------  S Y S T E M  ---------------

OS:Bsd
uname:Darwin 17.3.0 Darwin Kernel Version 17.3.0: Thu Nov  9 18:09:22 PST 2017; root:xnu-4570.31.3~1/RELEASE_X86_64 x86_64
rlimit: STACK 8192k, CORE 0k, NPROC 1418, NOFILE 10240
CPU:total 4 (2 cores per cpu, 2 threads per core) family 6 model 42 stepping 7, cmov, cx8, fxsr, mmx, sse, sse2, sse3, ssse3, sse4.1, sse4.2, popcnt, avx, ht, tsc, tscinvbit

Memory: 4k page, physical 17803292277033056k(4450823069258264k free)

/proc/meminfo:


vm_info: Java HotSpot(TM) 64-Bit Server VM (23.1-b03) for bsd-amd64 JRE (1.7.0_05-b06), built on Jun 27 2012 00:35:26 by "java_re" with gcc 4.2.1 (Based on Apple Inc. build 5658) (LLVM build 2336.1.00)

time: Tue Jul 17 17:20:50 2018
elapsed time: 0 seconds

